0 info it worked if it ends with ok
1 verbose cli [ 'C:\\Program Files (x86)\\nodejs\\\\node.exe',
1 verbose cli   'C:\\Program Files (x86)\\nodejs\\node_modules\\npm\\bin\\npm-cli.js',
1 verbose cli   'update',
1 verbose cli   '-g',
1 verbose cli   'bower' ]
2 info using npm@1.4.28
3 info using node@v0.10.35
4 verbose node symlink C:\Program Files (x86)\nodejs\\node.exe
5 verbose request where is /bower
6 verbose request registry https://registry.npmjs.org/
7 verbose request id 84ad449c80fec16f
8 verbose url raw /bower
9 verbose url resolving [ 'https://registry.npmjs.org/', './bower' ]
10 verbose url resolved https://registry.npmjs.org/bower
11 verbose request where is https://registry.npmjs.org/bower
12 info trying registry request attempt 1 at 03:56:38
13 verbose etag "7R9FZWXTT6ODL83S51HDX9FJ7"
14 http GET https://registry.npmjs.org/bower
15 http 304 https://registry.npmjs.org/bower
16 silly registry.get cb [ 304,
16 silly registry.get   { date: 'Sun, 03 May 2015 07:56:39 GMT',
16 silly registry.get     via: '1.1 varnish',
16 silly registry.get     'last-modified': 'Sun, 03 May 2015 07:56:39 GMT',
16 silly registry.get     'cache-control': 'max-age=60',
16 silly registry.get     etag: '"7R9FZWXTT6ODL83S51HDX9FJ7"',
16 silly registry.get     age: '0',
16 silly registry.get     connection: 'keep-alive',
16 silly registry.get     'x-served-by': 'cache-jfk1034-JFK',
16 silly registry.get     'x-cache': 'HIT',
16 silly registry.get     'x-cache-hits': '1',
16 silly registry.get     'x-timer': 'S1430639799.347737,VS0,VE88',
16 silly registry.get     vary: 'Accept' } ]
17 verbose etag https://registry.npmjs.org/bower from cache
18 info outdated updating [ [ 'C:\\Users\\jparesky\\AppData\\Roaming\\npm',
18 info outdated     'bower',
18 info outdated     '1.3.12',
18 info outdated     '1.4.1',
18 info outdated     '1.4.1',
18 info outdated     'latest' ] ]
19 error Failed to parse json
19 error Unexpected end of input
20 error File: C:\Users\jparesky\AppData\Roaming\npm\node_modules\generator-threejs\node_modules\yeoman-generator\node_modules\request\node_modules\form-data\package.json
21 error Failed to parse package.json data.
21 error package.json must be actual JSON, not just JavaScript.
21 error
21 error This is not a bug in npm.
21 error Tell the package author to fix their package.json file. JSON.parse
22 error System Windows_NT 6.1.7601
23 error command "C:\\Program Files (x86)\\nodejs\\\\node.exe" "C:\\Program Files (x86)\\nodejs\\node_modules\\npm\\bin\\npm-cli.js" "update" "-g" "bower"
24 error cwd C:\Users\jparesky\Documents\chocofire
25 error node -v v0.10.35
26 error npm -v 1.4.28
27 error file C:\Users\jparesky\AppData\Roaming\npm\node_modules\generator-threejs\node_modules\yeoman-generator\node_modules\request\node_modules\form-data\package.json
28 error code EJSONPARSE
29 verbose exit [ 1, true ]
